TN:
SF:src\App.tsx
FN:3,App
FN:7,addToList
FN:13,removeFromList
FN:23,onChange
FN:30,onClick
FNF:5
FNH:5
FNDA:14,App
FNDA:1,addToList
FNDA:1,removeFromList
FNDA:9,onChange
FNDA:1,onClick
DA:1,1
DA:2,1
DA:3,14
DA:4,14
DA:5,14
DA:6,14
DA:7,14
DA:8,1
DA:9,1
DA:10,1
DA:11,1
DA:12,14
DA:13,14
DA:14,1
DA:15,1
DA:16,1
DA:17,1
DA:18,14
DA:19,14
DA:20,14
DA:21,14
DA:22,14
DA:23,14
DA:24,14
DA:25,14
DA:26,14
DA:27,14
DA:28,38
DA:29,14
DA:30,14
DA:31,14
DA:32,14
DA:33,14
DA:34,14
DA:35,14
DA:36,14
DA:37,1
DA:38,1
LF:38
LH:38
BRDA:3,0,0,14
BRDA:7,1,0,1
BRDA:8,2,0,1
BRDA:13,3,0,1
BRDA:14,4,0,1
BRDA:15,5,0,1
BRDA:15,6,0,3
BRDA:23,7,0,9
BRDA:27,8,0,38
BRDA:30,9,0,1
BRF:10
BRH:10
end_of_record
